 RESULTADOS

 MODULO ELAST.(kg/mm2)= 8300 
 SECCION(mm2)=  412 MASA(Kg/m)=  1.62 

 ------------------------------------------------------------------------------
 ESTADO 1   PARAMETRO DE TENSADO (m)=  1900.23 
 PROGRESIVA PORTICO IZQUIERDO(m):  0    COTA PORTICO IZQUIERDO(m):  100 
 PROGRESIVA PORTICO DERECHO(m):    450  COTA PORTICO DERECHO(m):    100 
 LONGITUD DE CADENA(m):            2.1  PESO DE CADENA(kgf):  70 
 NUMERO DE SUB-CONDUCTORES:        1 

 PARAMETROS EN EQUILIBRIO ESTADO INICIAL

 ANGULO CADENA PUNTO IZQUIERDO(grados):    7.347728  ANGULO CADENA PUNTO DERECHO(grados):  7.347728 
 PROGRESIVA CONDUCTOR PUNTO IZQUIERDO(m):  2.082755 
 PROGRESIVA CONDUCTOR PUNTO DERECHO(m):    447.9172 
 VANO SOLO CONDUCTOR(m):                   445.8345 
 TENSE HORIZONTAL CONDUCTOR(kgf):          3078.373 
 PROGRESIVA PUNTO MAS BAJO CONDUCTOR(m):   225 
 COTA PUNTO MAS BAJO DEL CONDUCTOR(m):     86.64123 
 LONGITUD INICIAL CATENARIA(m):            446.8577 


 ------------------------------------------------------------------------------
 ESTADO 2    
 NUEVA PROGRESIVA PORTICO DERECHO(m):    450.45 

 PARAMETROS EN EQUILIBRIO CON CAMBIO DE ESTADO

 ANGULO CADENA PUNTO IZQUIERDO(°):         5.983288  ANGULO CADENA PUNTO DERECHO(°):  5.983288 
 PROGRESIVA CONDUCTOR PUNTO IZQUIERDO(m):  2.08856 
 PROGRESIVA CONDUCTOR PUNTO DERECHO(m):    448.3615 
 VANO SOLO CONDUCTOR(m):                   446.2729  DESNIVEL SOLO CONDUCTOR(m):  0 
 PARAMETRO CATENARIA(m):                   2338.379 
 TENSE HORIZONTAL CONDUCTOR(kgf):          3788.175 
 PROGRESIVA PUNTO MAS BAJO CONDUCTOR(m):   225.225 
 COTA PUNTO MAS BAJO DEL CONDUCTOR(m):     89.12675 


 EL TENSE HORIZONTAL CONDUCTOR ES POR UN CONDUCTOR
